<?xml version="1.0" encoding="UTF-8"?>
<testsuite name="test.pivotal.pal.trackerapi.TimeEntryApiTest" tests="5" skipped="0" failures="0" errors="0" timestamp="2018-11-28T18:34:48" hostname="nofx" time="0.474">
  <properties/>
  <testcase name="testList" classname="test.pivotal.pal.trackerapi.TimeEntryApiTest" time="0.301"/>
  <testcase name="testRead" classname="test.pivotal.pal.trackerapi.TimeEntryApiTest" time="0.04"/>
  <testcase name="testCreate" classname="test.pivotal.pal.trackerapi.TimeEntryApiTest" time="0.037"/>
  <testcase name="testDelete" classname="test.pivotal.pal.trackerapi.TimeEntryApiTest" time="0.052"/>
  <testcase name="testUpdate" classname="test.pivotal.pal.trackerapi.TimeEntryApiTest" time="0.04"/>
  <system-out><![CDATA[2018-11-28 11:34:48.258  INFO 8137 --- [    Test worker] .b.t.c.SpringBootTestContextBootstrapper : Neither @ContextConfiguration nor @ContextHierarchy found for test class [test.pivotal.pal.trackerapi.TimeEntryApiTest], using SpringBootContextLoader
2018-11-28 11:34:48.259  INFO 8137 --- [    Test worker] o.s.t.c.support.AbstractContextLoader    : Could not detect default resource locations for test class [test.pivotal.pal.trackerapi.TimeEntryApiTest]: no resource found for suffixes {-context.xml, Context.groovy}.
2018-11-28 11:34:48.264  INFO 8137 --- [    Test worker] .b.t.c.SpringBootTestContextBootstrapper : Loaded default TestExecutionListener class names from location [META-INF/spring.factories]: [org.springframework.boot.test.autoconfigure.restdocs.RestDocsTestExecutionListener, org.springframework.boot.test.autoconfigure.web.client.MockRestServiceServerResetTestExecutionListener, org.springframework.boot.test.autoconfigure.web.servlet.MockMvcPrintOnlyOnFailureTestExecutionListener, org.springframework.boot.test.autoconfigure.web.servlet.WebDriverTestExecutionListener, org.springframework.boot.test.mock.mockito.MockitoTestExecutionListener, org.springframework.boot.test.mock.mockito.ResetMocksTestExecutionListener, org.springframework.test.context.web.ServletTestExecutionListener, org.springframework.test.context.support.DirtiesContextBeforeModesTestExecutionListener, org.springframework.test.context.support.DependencyInjectionTestExecutionListener, org.springframework.test.context.support.DirtiesContextTestExecutionListener, org.springframework.test.context.transaction.TransactionalTestExecutionListener, org.springframework.test.context.jdbc.SqlScriptsTestExecutionListener]
2018-11-28 11:34:48.266  INFO 8137 --- [    Test worker] .b.t.c.SpringBootTestContextBootstrapper : Using TestExecutionListeners: [org.springframework.test.context.web.ServletTestExecutionListener@6a9d9801, org.springframework.test.context.support.DirtiesContextBeforeModesTestExecutionListener@5f64c93f, org.springframework.boot.test.autoconfigure.SpringBootDependencyInjectionTestExecutionListener@6ee7b2a9, org.springframework.test.context.support.DirtiesContextTestExecutionListener@794be313, org.springframework.test.context.transaction.TransactionalTestExecutionListener@7f9021ab, org.springframework.test.context.jdbc.SqlScriptsTestExecutionListener@6442257, org.springframework.boot.test.autoconfigure.web.servlet.MockMvcPrintOnlyOnFailureTestExecutionListener@5565aacc, org.springframework.boot.test.autoconfigure.web.client.MockRestServiceServerResetTestExecutionListener@73108808, org.springframework.boot.test.mock.mockito.MockitoTestExecutionListener@df362b8, org.springframework.boot.test.autoconfigure.restdocs.RestDocsTestExecutionListener@2a82afcb, org.springframework.boot.test.autoconfigure.web.servlet.WebDriverTestExecutionListener@52c9539d, org.springframework.boot.test.mock.mockito.ResetMocksTestExecutionListener@256ec104]
]]></system-out>
  <system-err><![CDATA[Loading class `com.mysql.jdbc.Driver'. This is deprecated. The new driver class is `com.mysql.cj.jdbc.Driver'. The driver is automatically registered via the SPI and manual loading of the driver class is generally unnecessary.
]]></system-err>
</testsuite>
